<?xml version="1.0" encoding="UTF-8"?>
<testsuite xmlns:xsi="http://www.w3.org/2001/XMLSchema-instance" xsi:noNamespaceSchemaLocation="https://maven.apache.org/surefire/maven-surefire-plugin/xsd/surefire-test-report-3.0.xsd" version="3.0" name="com.cyber_chill.CyberChillApplicationTests" time="6.124" tests="1" errors="0" skipped="0" failures="0">
  <properties>
    <property name="java.specification.version" value="17"/>
    <property name="sun.cpu.isalist" value="amd64"/>
    <property name="sun.jnu.encoding" value="Cp1251"/>
    <property name="java.class.path" value="C:\Users\Олеся\Desktop\coding\3course\CyberChill\target\test-classes;C:\Users\Олеся\Desktop\coding\3course\CyberChill\target\classes;C:\Users\Олеся\.m2\repository\org\example\cyber-chill-starter\1.0\cyber-chill-starter-1.0.jar;C:\Users\Олеся\.m2\repository\org\springframework\boot\spring-boot-starter-web\3.1.3\spring-boot-starter-web-3.1.3.jar;C:\Users\Олеся\.m2\repository\org\springframework\boot\spring-boot-starter-json\3.1.3\spring-boot-starter-json-3.1.3.jar;C:\Users\Олеся\.m2\repository\com\fasterxml\jackson\core\jackson-databind\2.15.2\jackson-databind-2.15.2.jar;C:\Users\Олеся\.m2\repository\com\fasterxml\jackson\core\jackson-annotations\2.15.2\jackson-annotations-2.15.2.jar;C:\Users\Олеся\.m2\repository\com\fasterxml\jackson\core\jackson-core\2.15.2\jackson-core-2.15.2.jar;C:\Users\Олеся\.m2\repository\com\fasterxml\jackson\datatype\jackson-datatype-jdk8\2.15.2\jackson-datatype-jdk8-2.15.2.jar;C:\Users\Олеся\.m2\repository\com\fasterxml\jackson\datatype\jackson-datatype-jsr310\2.15.2\jackson-datatype-jsr310-2.15.2.jar;C:\Users\Олеся\.m2\repository\com\fasterxml\jackson\module\jackson-module-parameter-names\2.15.2\jackson-module-parameter-names-2.15.2.jar;C:\Users\Олеся\.m2\repository\org\springframework\boot\spring-boot-starter-tomcat\3.1.3\spring-boot-starter-tomcat-3.1.3.jar;C:\Users\Олеся\.m2\repository\org\apache\tomcat\embed\tomcat-embed-core\10.1.12\tomcat-embed-core-10.1.12.jar;C:\Users\Олеся\.m2\repository\org\apache\tomcat\embed\tomcat-embed-el\10.1.12\tomcat-embed-el-10.1.12.jar;C:\Users\Олеся\.m2\repository\org\apache\tomcat\embed\tomcat-embed-websocket\10.1.12\tomcat-embed-websocket-10.1.12.jar;C:\Users\Олеся\.m2\repository\org\springframework\spring-web\6.0.11\spring-web-6.0.11.jar;C:\Users\Олеся\.m2\repository\org\springframework\spring-beans\6.0.11\spring-beans-6.0.11.jar;C:\Users\Олеся\.m2\repository\io\micrometer\micrometer-observation\1.11.3\micrometer-observation-1.11.3.jar;C:\Users\Олеся\.m2\repository\io\micrometer\micrometer-commons\1.11.3\micrometer-commons-1.11.3.jar;C:\Users\Олеся\.m2\repository\org\springframework\spring-webmvc\6.0.11\spring-webmvc-6.0.11.jar;C:\Users\Олеся\.m2\repository\org\springframework\spring-aop\6.0.11\spring-aop-6.0.11.jar;C:\Users\Олеся\.m2\repository\org\springframework\spring-context\6.0.11\spring-context-6.0.11.jar;C:\Users\Олеся\.m2\repository\org\springframework\spring-expression\6.0.11\spring-expression-6.0.11.jar;C:\Users\Олеся\.m2\repository\org\springframework\boot\spring-boot-starter\3.1.3\spring-boot-starter-3.1.3.jar;C:\Users\Олеся\.m2\repository\org\springframework\boot\spring-boot\3.1.3\spring-boot-3.1.3.jar;C:\Users\Олеся\.m2\repository\org\springframework\boot\spring-boot-autoconfigure\3.1.3\spring-boot-autoconfigure-3.1.3.jar;C:\Users\Олеся\.m2\repository\org\springframework\boot\spring-boot-starter-logging\3.1.3\spring-boot-starter-logging-3.1.3.jar;C:\Users\Олеся\.m2\repository\ch\qos\logback\logback-classic\1.4.11\logback-classic-1.4.11.jar;C:\Users\Олеся\.m2\repository\ch\qos\logback\logback-core\1.4.11\logback-core-1.4.11.jar;C:\Users\Олеся\.m2\repository\org\apache\logging\log4j\log4j-to-slf4j\2.20.0\log4j-to-slf4j-2.20.0.jar;C:\Users\Олеся\.m2\repository\org\apache\logging\log4j\log4j-api\2.20.0\log4j-api-2.20.0.jar;C:\Users\Олеся\.m2\repository\org\slf4j\jul-to-slf4j\2.0.7\jul-to-slf4j-2.0.7.jar;C:\Users\Олеся\.m2\repository\jakarta\annotation\jakarta.annotation-api\2.1.1\jakarta.annotation-api-2.1.1.jar;C:\Users\Олеся\.m2\repository\org\springframework\spring-core\6.0.11\spring-core-6.0.11.jar;C:\Users\Олеся\.m2\repository\org\springframework\spring-jcl\6.0.11\spring-jcl-6.0.11.jar;C:\Users\Олеся\.m2\repository\org\yaml\snakeyaml\1.33\snakeyaml-1.33.jar;C:\Users\Олеся\.m2\repository\org\springframework\boot\spring-boot-configuration-processor\3.1.3\spring-boot-configuration-processor-3.1.3.jar;C:\Users\Олеся\.m2\repository\org\springframework\boot\spring-boot-starter-test\3.1.3\spring-boot-starter-test-3.1.3.jar;C:\Users\Олеся\.m2\repository\org\springframework\boot\spring-boot-test\3.1.3\spring-boot-test-3.1.3.jar;C:\Users\Олеся\.m2\repository\org\springframework\boot\spring-boot-test-autoconfigure\3.1.3\spring-boot-test-autoconfigure-3.1.3.jar;C:\Users\Олеся\.m2\repository\com\jayway\jsonpath\json-path\2.8.0\json-path-2.8.0.jar;C:\Users\Олеся\.m2\repository\org\slf4j\slf4j-api\2.0.7\slf4j-api-2.0.7.jar;C:\Users\Олеся\.m2\repository\jakarta\xml\bind\jakarta.xml.bind-api\4.0.0\jakarta.xml.bind-api-4.0.0.jar;C:\Users\Олеся\.m2\repository\jakarta\activation\jakarta.activation-api\2.1.2\jakarta.activation-api-2.1.2.jar;C:\Users\Олеся\.m2\repository\net\minidev\json-smart\2.4.11\json-smart-2.4.11.jar;C:\Users\Олеся\.m2\repository\net\minidev\accessors-smart\2.4.11\accessors-smart-2.4.11.jar;C:\Users\Олеся\.m2\repository\org\ow2\asm\asm\9.3\asm-9.3.jar;C:\Users\Олеся\.m2\repository\org\assertj\assertj-core\3.24.2\assertj-core-3.24.2.jar;C:\Users\Олеся\.m2\repository\net\bytebuddy\byte-buddy\1.14.6\byte-buddy-1.14.6.jar;C:\Users\Олеся\.m2\repository\org\hamcrest\hamcrest\2.2\hamcrest-2.2.jar;C:\Users\Олеся\.m2\repository\org\junit\jupiter\junit-jupiter\5.9.3\junit-jupiter-5.9.3.jar;C:\Users\Олеся\.m2\repository\org\junit\jupiter\junit-jupiter-api\5.9.3\junit-jupiter-api-5.9.3.jar;C:\Users\Олеся\.m2\repository\org\opentest4j\opentest4j\1.2.0\opentest4j-1.2.0.jar;C:\Users\Олеся\.m2\repository\org\junit\platform\junit-platform-commons\1.9.3\junit-platform-commons-1.9.3.jar;C:\Users\Олеся\.m2\repository\org\apiguardian\apiguardian-api\1.1.2\apiguardian-api-1.1.2.jar;C:\Users\Олеся\.m2\repository\org\junit\jupiter\junit-jupiter-params\5.9.3\junit-jupiter-params-5.9.3.jar;C:\Users\Олеся\.m2\repository\org\junit\jupiter\junit-jupiter-engine\5.9.3\junit-jupiter-engine-5.9.3.jar;C:\Users\Олеся\.m2\repository\org\junit\platform\junit-platform-engine\1.9.3\junit-platform-engine-1.9.3.jar;C:\Users\Олеся\.m2\repository\org\mockito\mockito-core\5.3.1\mockito-core-5.3.1.jar;C:\Users\Олеся\.m2\repository\net\bytebuddy\byte-buddy-agent\1.14.6\byte-buddy-agent-1.14.6.jar;C:\Users\Олеся\.m2\repository\org\objenesis\objenesis\3.3\objenesis-3.3.jar;C:\Users\Олеся\.m2\repository\org\mockito\mockito-junit-jupiter\5.3.1\mockito-junit-jupiter-5.3.1.jar;C:\Users\Олеся\.m2\repository\org\skyscreamer\jsonassert\1.5.1\jsonassert-1.5.1.jar;C:\Users\Олеся\.m2\repository\com\vaadin\external\google\android-json\0.0.20131108.vaadin1\android-json-0.0.20131108.vaadin1.jar;C:\Users\Олеся\.m2\repository\org\springframework\spring-test\6.0.11\spring-test-6.0.11.jar;C:\Users\Олеся\.m2\repository\org\xmlunit\xmlunit-core\2.9.1\xmlunit-core-2.9.1.jar;"/>
    <property name="java.vm.vendor" value="Oracle Corporation"/>
    <property name="sun.arch.data.model" value="64"/>
    <property name="user.variant" value=""/>
    <property name="java.vendor.url" value="https://java.oracle.com/"/>
    <property name="user.timezone" value="Europe/Kiev"/>
    <property name="user.country.format" value="150"/>
    <property name="os.name" value="Windows 10"/>
    <property name="java.vm.specification.version" value="17"/>
    <property name="sun.java.launcher" value="SUN_STANDARD"/>
    <property name="user.country" value="RU"/>
    <property name="sun.boot.library.path" value="C:\Program Files\Java\jdk-17.0.1\bin"/>
    <property name="sun.java.command" value="C:\Users\Олеся\AppData\Local\Temp\surefire1407631242362350950\surefirebooter-20231002214803381_3.jar C:\Users\Олеся\AppData\Local\Temp\surefire1407631242362350950 2023-10-02T21-48-03_148-jvmRun1 surefire-20231002214803381_1tmp surefire_0-20231002214803381_2tmp"/>
    <property name="jdk.debug" value="release"/>
    <property name="surefire.test.class.path" value="C:\Users\Олеся\Desktop\coding\3course\CyberChill\target\test-classes;C:\Users\Олеся\Desktop\coding\3course\CyberChill\target\classes;C:\Users\Олеся\.m2\repository\org\example\cyber-chill-starter\1.0\cyber-chill-starter-1.0.jar;C:\Users\Олеся\.m2\repository\org\springframework\boot\spring-boot-starter-web\3.1.3\spring-boot-starter-web-3.1.3.jar;C:\Users\Олеся\.m2\repository\org\springframework\boot\spring-boot-starter-json\3.1.3\spring-boot-starter-json-3.1.3.jar;C:\Users\Олеся\.m2\repository\com\fasterxml\jackson\core\jackson-databind\2.15.2\jackson-databind-2.15.2.jar;C:\Users\Олеся\.m2\repository\com\fasterxml\jackson\core\jackson-annotations\2.15.2\jackson-annotations-2.15.2.jar;C:\Users\Олеся\.m2\repository\com\fasterxml\jackson\core\jackson-core\2.15.2\jackson-core-2.15.2.jar;C:\Users\Олеся\.m2\repository\com\fasterxml\jackson\datatype\jackson-datatype-jdk8\2.15.2\jackson-datatype-jdk8-2.15.2.jar;C:\Users\Олеся\.m2\repository\com\fasterxml\jackson\datatype\jackson-datatype-jsr310\2.15.2\jackson-datatype-jsr310-2.15.2.jar;C:\Users\Олеся\.m2\repository\com\fasterxml\jackson\module\jackson-module-parameter-names\2.15.2\jackson-module-parameter-names-2.15.2.jar;C:\Users\Олеся\.m2\repository\org\springframework\boot\spring-boot-starter-tomcat\3.1.3\spring-boot-starter-tomcat-3.1.3.jar;C:\Users\Олеся\.m2\repository\org\apache\tomcat\embed\tomcat-embed-core\10.1.12\tomcat-embed-core-10.1.12.jar;C:\Users\Олеся\.m2\repository\org\apache\tomcat\embed\tomcat-embed-el\10.1.12\tomcat-embed-el-10.1.12.jar;C:\Users\Олеся\.m2\repository\org\apache\tomcat\embed\tomcat-embed-websocket\10.1.12\tomcat-embed-websocket-10.1.12.jar;C:\Users\Олеся\.m2\repository\org\springframework\spring-web\6.0.11\spring-web-6.0.11.jar;C:\Users\Олеся\.m2\repository\org\springframework\spring-beans\6.0.11\spring-beans-6.0.11.jar;C:\Users\Олеся\.m2\repository\io\micrometer\micrometer-observation\1.11.3\micrometer-observation-1.11.3.jar;C:\Users\Олеся\.m2\repository\io\micrometer\micrometer-commons\1.11.3\micrometer-commons-1.11.3.jar;C:\Users\Олеся\.m2\repository\org\springframework\spring-webmvc\6.0.11\spring-webmvc-6.0.11.jar;C:\Users\Олеся\.m2\repository\org\springframework\spring-aop\6.0.11\spring-aop-6.0.11.jar;C:\Users\Олеся\.m2\repository\org\springframework\spring-context\6.0.11\spring-context-6.0.11.jar;C:\Users\Олеся\.m2\repository\org\springframework\spring-expression\6.0.11\spring-expression-6.0.11.jar;C:\Users\Олеся\.m2\repository\org\springframework\boot\spring-boot-starter\3.1.3\spring-boot-starter-3.1.3.jar;C:\Users\Олеся\.m2\repository\org\springframework\boot\spring-boot\3.1.3\spring-boot-3.1.3.jar;C:\Users\Олеся\.m2\repository\org\springframework\boot\spring-boot-autoconfigure\3.1.3\spring-boot-autoconfigure-3.1.3.jar;C:\Users\Олеся\.m2\repository\org\springframework\boot\spring-boot-starter-logging\3.1.3\spring-boot-starter-logging-3.1.3.jar;C:\Users\Олеся\.m2\repository\ch\qos\logback\logback-classic\1.4.11\logback-classic-1.4.11.jar;C:\Users\Олеся\.m2\repository\ch\qos\logback\logback-core\1.4.11\logback-core-1.4.11.jar;C:\Users\Олеся\.m2\repository\org\apache\logging\log4j\log4j-to-slf4j\2.20.0\log4j-to-slf4j-2.20.0.jar;C:\Users\Олеся\.m2\repository\org\apache\logging\log4j\log4j-api\2.20.0\log4j-api-2.20.0.jar;C:\Users\Олеся\.m2\repository\org\slf4j\jul-to-slf4j\2.0.7\jul-to-slf4j-2.0.7.jar;C:\Users\Олеся\.m2\repository\jakarta\annotation\jakarta.annotation-api\2.1.1\jakarta.annotation-api-2.1.1.jar;C:\Users\Олеся\.m2\repository\org\springframework\spring-core\6.0.11\spring-core-6.0.11.jar;C:\Users\Олеся\.m2\repository\org\springframework\spring-jcl\6.0.11\spring-jcl-6.0.11.jar;C:\Users\Олеся\.m2\repository\org\yaml\snakeyaml\1.33\snakeyaml-1.33.jar;C:\Users\Олеся\.m2\repository\org\springframework\boot\spring-boot-configuration-processor\3.1.3\spring-boot-configuration-processor-3.1.3.jar;C:\Users\Олеся\.m2\repository\org\springframework\boot\spring-boot-starter-test\3.1.3\spring-boot-starter-test-3.1.3.jar;C:\Users\Олеся\.m2\repository\org\springframework\boot\spring-boot-test\3.1.3\spring-boot-test-3.1.3.jar;C:\Users\Олеся\.m2\repository\org\springframework\boot\spring-boot-test-autoconfigure\3.1.3\spring-boot-test-autoconfigure-3.1.3.jar;C:\Users\Олеся\.m2\repository\com\jayway\jsonpath\json-path\2.8.0\json-path-2.8.0.jar;C:\Users\Олеся\.m2\repository\org\slf4j\slf4j-api\2.0.7\slf4j-api-2.0.7.jar;C:\Users\Олеся\.m2\repository\jakarta\xml\bind\jakarta.xml.bind-api\4.0.0\jakarta.xml.bind-api-4.0.0.jar;C:\Users\Олеся\.m2\repository\jakarta\activation\jakarta.activation-api\2.1.2\jakarta.activation-api-2.1.2.jar;C:\Users\Олеся\.m2\repository\net\minidev\json-smart\2.4.11\json-smart-2.4.11.jar;C:\Users\Олеся\.m2\repository\net\minidev\accessors-smart\2.4.11\accessors-smart-2.4.11.jar;C:\Users\Олеся\.m2\repository\org\ow2\asm\asm\9.3\asm-9.3.jar;C:\Users\Олеся\.m2\repository\org\assertj\assertj-core\3.24.2\assertj-core-3.24.2.jar;C:\Users\Олеся\.m2\repository\net\bytebuddy\byte-buddy\1.14.6\byte-buddy-1.14.6.jar;C:\Users\Олеся\.m2\repository\org\hamcrest\hamcrest\2.2\hamcrest-2.2.jar;C:\Users\Олеся\.m2\repository\org\junit\jupiter\junit-jupiter\5.9.3\junit-jupiter-5.9.3.jar;C:\Users\Олеся\.m2\repository\org\junit\jupiter\junit-jupiter-api\5.9.3\junit-jupiter-api-5.9.3.jar;C:\Users\Олеся\.m2\repository\org\opentest4j\opentest4j\1.2.0\opentest4j-1.2.0.jar;C:\Users\Олеся\.m2\repository\org\junit\platform\junit-platform-commons\1.9.3\junit-platform-commons-1.9.3.jar;C:\Users\Олеся\.m2\repository\org\apiguardian\apiguardian-api\1.1.2\apiguardian-api-1.1.2.jar;C:\Users\Олеся\.m2\repository\org\junit\jupiter\junit-jupiter-params\5.9.3\junit-jupiter-params-5.9.3.jar;C:\Users\Олеся\.m2\repository\org\junit\jupiter\junit-jupiter-engine\5.9.3\junit-jupiter-engine-5.9.3.jar;C:\Users\Олеся\.m2\repository\org\junit\platform\junit-platform-engine\1.9.3\junit-platform-engine-1.9.3.jar;C:\Users\Олеся\.m2\repository\org\mockito\mockito-core\5.3.1\mockito-core-5.3.1.jar;C:\Users\Олеся\.m2\repository\net\bytebuddy\byte-buddy-agent\1.14.6\byte-buddy-agent-1.14.6.jar;C:\Users\Олеся\.m2\repository\org\objenesis\objenesis\3.3\objenesis-3.3.jar;C:\Users\Олеся\.m2\repository\org\mockito\mockito-junit-jupiter\5.3.1\mockito-junit-jupiter-5.3.1.jar;C:\Users\Олеся\.m2\repository\org\skyscreamer\jsonassert\1.5.1\jsonassert-1.5.1.jar;C:\Users\Олеся\.m2\repository\com\vaadin\external\google\android-json\0.0.20131108.vaadin1\android-json-0.0.20131108.vaadin1.jar;C:\Users\Олеся\.m2\repository\org\springframework\spring-test\6.0.11\spring-test-6.0.11.jar;C:\Users\Олеся\.m2\repository\org\xmlunit\xmlunit-core\2.9.1\xmlunit-core-2.9.1.jar;"/>
    <property name="sun.cpu.endian" value="little"/>
    <property name="user.home" value="C:\Users\Олеся"/>
    <property name="user.language" value="ru"/>
    <property name="java.specification.vendor" value="Oracle Corporation"/>
    <property name="java.version.date" value="2021-10-19"/>
    <property name="java.home" value="C:\Program Files\Java\jdk-17.0.1"/>
    <property name="file.separator" value="\"/>
    <property name="basedir" value="C:\Users\Олеся\Desktop\coding\3course\CyberChill"/>
    <property name="java.vm.compressedOopsMode" value="Zero based"/>
    <property name="line.separator" value="&#10;"/>
    <property name="java.vm.specification.vendor" value="Oracle Corporation"/>
    <property name="java.specification.name" value="Java Platform API Specification"/>
    <property name="FILE_LOG_CHARSET" value="UTF-8"/>
    <property name="java.awt.headless" value="true"/>
    <property name="surefire.real.class.path" value="C:\Users\Олеся\AppData\Local\Temp\surefire1407631242362350950\surefirebooter-20231002214803381_3.jar"/>
    <property name="user.script" value=""/>
    <property name="sun.management.compiler" value="HotSpot 64-Bit Tiered Compilers"/>
    <property name="java.runtime.version" value="17.0.1+12-LTS-39"/>
    <property name="user.name" value="Olesia"/>
    <property name="path.separator" value=";"/>
    <property name="os.version" value="10.0"/>
    <property name="java.runtime.name" value="Java(TM) SE Runtime Environment"/>
    <property name="file.encoding" value="UTF-8"/>
    <property name="java.vm.name" value="Java HotSpot(TM) 64-Bit Server VM"/>
    <property name="localRepository" value="C:\Users\Олеся\.m2\repository"/>
    <property name="java.vendor.url.bug" value="https://bugreport.java.com/bugreport/"/>
    <property name="java.io.tmpdir" value="C:\Users\F33C~1\AppData\Local\Temp\"/>
    <property name="idea.version" value="2022.2"/>
    <property name="java.version" value="17.0.1"/>
    <property name="user.dir" value="C:\Users\Олеся\Desktop\coding\3course\CyberChill"/>
    <property name="os.arch" value="amd64"/>
    <property name="java.vm.specification.name" value="Java Virtual Machine Specification"/>
    <property name="PID" value="9876"/>
    <property name="user.language.format" value="en"/>
    <property name="sun.os.patch.level" value=""/>
    <property name="CONSOLE_LOG_CHARSET" value="UTF-8"/>
    <property name="native.encoding" value="UTF-8"/>
    <property name="java.library.path" value="C:\Program Files\Java\jdk-17.0.1\bin;C:\Windows\Sun\Java\bin;C:\Windows\system32;C:\Windows;C:\Program Files\Haskell\bin;C:\Program Files\Haskell Platform\8.6.5\lib\extralibs\bin;C:\Program Files\Haskell Platform\8.6.5\bin;C:\Program Files\Common Files\Oracle\Java\javapath;C:\Windows\system32;C:\Windows;C:\Windows\System32\Wbem;C:\Windows\System32\WindowsPowerShell\v1.0\;C:\Windows\System32\OpenSSH\;C:\Program Files\nodejs\;C:\Program Files\Git\cmd;C:\Android\platforms;C:\Android\platform-tools;C:\Program Files\dotnet\;C:\Program Files\apache-maven-3.9.2\bin;C:\Program Files\Java\jdk-17.0.1\bin;C:\Program Files\Haskell Platform\8.6.5\mingw\bin;C:\Users\Олеся\AppData\Roaming\cabal\bin;C:\Users\Олеся\AppData\Roaming\local\bin;C:\Program Files\MySQL\MySQL Shell 8.0\bin\;C:\Users\Олеся\AppData\Local\Programs\Python\Python311;C:\Users\Олеся\AppData\Local\Programs\Python\Python311\Scripts;C:\Program Files (x86)\Nmap;C:\Users\Олеся\AppData\Local\Programs\Microsoft VS Code\bin;C:\Users\Олеся\.dotnet\tools;."/>
    <property name="java.vm.info" value="mixed mode, sharing"/>
    <property name="java.vendor" value="Oracle Corporation"/>
    <property name="java.vm.version" value="17.0.1+12-LTS-39"/>
    <property name="sun.io.unicode.encoding" value="UnicodeLittle"/>
    <property name="java.class.version" value="61.0"/>
  </properties>
  <testcase name="contextLoads" classname="com.cyber_chill.CyberChillApplicationTests" time="1.934">
    <system-out><![CDATA[21:48:04.930 [main] INFO org.springframework.test.context.support.AnnotationConfigContextLoaderUtils -- Could not detect default configuration classes for test class [com.cyber_chill.CyberChillApplicationTests]: CyberChillApplicationTests does not declare any static, non-private, non-final, nested classes annotated with @Configuration.
21:48:05.178 [main] INFO org.springframework.boot.test.context.SpringBootTestContextBootstrapper -- Found @SpringBootConfiguration com.cyber_chill.CyberChillApplication for test class com.cyber_chill.CyberChillApplicationTests

  .   ____          _            __ _ _
 /\\ / ___'_ __ _ _(_)_ __  __ _ \ \ \ \
( ( )\___ | '_ | '_| | '_ \/ _` | \ \ \ \
 \\/  ___)| |_)| | | | | || (_| |  ) ) ) )
  '  |____| .__|_| |_|_| |_\__, | / / / /
 =========|_|==============|___/=/_/_/_/
 :: Spring Boot ::                (v3.1.3)

2023-10-02T21:48:06.187+03:00  INFO 9876 --- [           main] c.c.CyberChillApplicationTests           : Starting CyberChillApplicationTests using Java 17.0.1 with PID 9876 (started by Olesia in C:\Users\Олеся\Desktop\coding\3course\CyberChill)
2023-10-02T21:48:06.190+03:00  INFO 9876 --- [           main] c.c.CyberChillApplicationTests           : No active profile set, falling back to 1 default profile: "default"
2023-10-02T21:48:08.724+03:00  INFO 9876 --- [           main] c.c.CyberChillApplicationTests           : Started CyberChillApplicationTests in 3.172 seconds (process running for 5.16)
]]></system-out>
  </testcase>
</testsuite>